[debug] [2022-11-29T06:13:57.625Z] ----------------------------------------------------------------------
[debug] [2022-11-29T06:13:57.629Z] Command:       C:\Program Files\nodejs\node.exe C:\Users\musma\AppData\Roaming\npm\node_modules\firebase-tools\lib\bin\firebase.js deploy
[debug] [2022-11-29T06:13:57.630Z] CLI Version:   11.16.1
[debug] [2022-11-29T06:13:57.631Z] Platform:      win32
[debug] [2022-11-29T06:13:57.631Z] Node Version:  v18.12.1
[debug] [2022-11-29T06:13:57.640Z] Time:          Tue Nov 29 2022 11:13:57 GMT+0500 (Pakistan Standard Time)
[debug] [2022-11-29T06:13:57.640Z] ----------------------------------------------------------------------
[debug] 
[debug] [2022-11-29T06:13:57.834Z] > command requires scopes: ["email","openid","https://www.googleapis.com/auth/cloudplatformprojects.readonly","https://www.googleapis.com/auth/firebase","https://www.googleapis.com/auth/cloud-platform"]
[debug] [2022-11-29T06:13:57.835Z] > authorizing via signed-in user (m.usmanfarooq753@gmail.com)
[debug] [2022-11-29T06:13:57.835Z] [iam] checking project netflix-clone-b052e for permissions ["firebase.projects.get","firebasehosting.sites.update"]
[debug] [2022-11-29T06:13:57.838Z] > refreshing access token with scopes: []
[debug] [2022-11-29T06:13:57.842Z] >>> [apiv2][query] POST https://www.googleapis.com/oauth2/v3/token [none]
[debug] [2022-11-29T06:13:57.842Z] >>> [apiv2][body] POST https://www.googleapis.com/oauth2/v3/token [omitted]
[debug] [2022-11-29T06:13:58.910Z] <<< [apiv2][status] POST https://www.googleapis.com/oauth2/v3/token 200
[debug] [2022-11-29T06:13:58.911Z] <<< [apiv2][body] POST https://www.googleapis.com/oauth2/v3/token [omitted]
[debug] [2022-11-29T06:13:58.929Z] >>> [apiv2][query] POST https://cloudresourcemanager.googleapis.com/v1/projects/netflix-clone-b052e:testIamPermissions [none]
[debug] [2022-11-29T06:13:58.930Z] >>> [apiv2][(partial)header] POST https://cloudresourcemanager.googleapis.com/v1/projects/netflix-clone-b052e:testIamPermissions x-goog-quota-user=projects/netflix-clone-b052e
[debug] [2022-11-29T06:13:58.931Z] >>> [apiv2][body] POST https://cloudresourcemanager.googleapis.com/v1/projects/netflix-clone-b052e:testIamPermissions {"permissions":["firebase.projects.get","firebasehosting.sites.update"]}
[debug] [2022-11-29T06:14:00.781Z] <<< [apiv2][status] POST https://cloudresourcemanager.googleapis.com/v1/projects/netflix-clone-b052e:testIamPermissions 200
[debug] [2022-11-29T06:14:00.781Z] <<< [apiv2][body] POST https://cloudresourcemanager.googleapis.com/v1/projects/netflix-clone-b052e:testIamPermissions {"permissions":["firebase.projects.get","firebasehosting.sites.update"]}
[debug] [2022-11-29T06:14:00.785Z] >>> [apiv2][query] GET https://firebase.googleapis.com/v1beta1/projects/netflix-clone-b052e [none]
[debug] [2022-11-29T06:14:01.416Z] <<< [apiv2][status] GET https://firebase.googleapis.com/v1beta1/projects/netflix-clone-b052e 200
[debug] [2022-11-29T06:14:01.416Z] <<< [apiv2][body] GET https://firebase.googleapis.com/v1beta1/projects/netflix-clone-b052e {"projectId":"netflix-clone-b052e","projectNumber":"9786487032","displayName":"Netflix-Clone","name":"projects/netflix-clone-b052e","resources":{"hostingSite":"netflix-clone-b052e"},"state":"ACTIVE","etag":"1_2b73dc78-b103-4c47-8ccc-b2836ce59346"}
[info] 
[info] === Deploying to 'netflix-clone-b052e'...
[info] 
[info] i  deploying hosting 
[debug] [2022-11-29T06:14:01.451Z] >>> [apiv2][query] POST https://firebasehosting.googleapis.com/v1beta1/projects/-/sites/netflix-clone-b052e/versions [none]
[debug] [2022-11-29T06:14:01.451Z] >>> [apiv2][body] POST https://firebasehosting.googleapis.com/v1beta1/projects/-/sites/netflix-clone-b052e/versions {"status":"CREATED","labels":{"deployment-tool":"cli-firebase"}}
[debug] [2022-11-29T06:14:03.873Z] <<< [apiv2][status] POST https://firebasehosting.googleapis.com/v1beta1/projects/-/sites/netflix-clone-b052e/versions 200
[debug] [2022-11-29T06:14:03.874Z] <<< [apiv2][body] POST https://firebasehosting.googleapis.com/v1beta1/projects/-/sites/netflix-clone-b052e/versions {"name":"projects/9786487032/sites/netflix-clone-b052e/versions/5186bea13edb9810","status":"CREATED","config":{},"labels":{"deployment-tool":"cli-firebase"}}
[info] i  hosting[netflix-clone-b052e]: beginning deploy... 
[info] i  hosting[netflix-clone-b052e]: found 15 files in build 
[debug] [2022-11-29T06:14:03.942Z] [hosting] uploading with 200 concurrency
[debug] [2022-11-29T06:14:05.098Z] [hosting] hash cache [YnVpbGQ] stored for 15 files
[debug] [2022-11-29T06:14:05.099Z] [hosting][hash queue][FINAL] {"max":1006,"min":36,"avg":132.66666666666666,"active":0,"complete":15,"success":15,"errored":0,"retried":0,"total":15,"elapsed":1060}
[debug] [2022-11-29T06:14:05.099Z] >>> [apiv2][query] POST https://firebasehosting.googleapis.com/v1beta1/projects/9786487032/sites/netflix-clone-b052e/versions/5186bea13edb9810:populateFiles [none]
[debug] [2022-11-29T06:14:05.100Z] >>> [apiv2][body] POST https://firebasehosting.googleapis.com/v1beta1/projects/9786487032/sites/netflix-clone-b052e/versions/5186bea13edb9810:populateFiles {"files":{"/favicon.ico":"655523cac02d72747f51c9a017a9eca1e5aa506ad125a3967c5a8ddddc0a0409","/logo192.png":"ebf380e341383bbf65d6a762603f630a9f7610c97f32bd297bc097635bc37ee3","/logo512.png":"c55d034d9cf7abfac7600919cbf4f4ce2f3ea3478df91d01177e8ff136f58918","/manifest.json":"aff3449bdc238776f5d6d967f19ec491b36aed5fb7f23ccff6500736fd58494a","/robots.txt":"5fcd5c559ded0c02b3ed7840ca3ee77e95b798730af98d9f18bc627ac898071e","/asset-manifest.json":"9659c761f9db388357d122ef943bfbdf5db441db27be702e3223e1acd0df27d0","/index.html":"c58029cc4a114b3f8b014d00e2ebfb053d32fdaadb0113691b96371631eccf15","/static/css/main.aec924cb.css":"fe817f6be17636a8d447795aed299f5d3eee222790a7066486b3767f0cde9da0","/static/css/main.aec924cb.css.map":"953af8c0c7c441f97c4c6b2271a61b2e508434615d03b5b051073c2ef2f032f4","/static/js/787.440c4889.chunk.js":"c268d14940cb9f406aea523487d219d2e3d907a5fbcc16b5f6c0836de61d2b24","/static/js/787.440c4889.chunk.js.map":"f456d066bd5c0313a82e39aa8a87a2e834ea4a5867d3c75556bac38747740d3c","/static/js/main.67158ea5.js.LICENSE.txt":"d4bdbc579c0ad15ffc71b95106e8e614f3c1c46889dbdd60244ba8719392f0eb","/static/media/netflix logo.774e8c1632ac9433608b.png":"76880e2b2e5f32aebfe991d0dc25ec603a60b48cb3cb602829e706f7920cf3fd","/static/js/main.67158ea5.js":"ff60e993c28243e182b6f081a174cca48d3e3f1e6095e3d6b9e0b11ac114ac60","/static/js/main.67158ea5.js.map":"a94ef0b655adb6079013b742a8b14ccf80244698c55ce7d9ffd9dc1606481cf1"}}
[debug] [2022-11-29T06:14:26.538Z] [populateQueue] Retrying task index 0
[debug] [2022-11-29T06:14:26.542Z] >>> [apiv2][query] POST https://firebasehosting.googleapis.com/v1beta1/projects/9786487032/sites/netflix-clone-b052e/versions/5186bea13edb9810:populateFiles [none]
[debug] [2022-11-29T06:14:26.544Z] >>> [apiv2][body] POST https://firebasehosting.googleapis.com/v1beta1/projects/9786487032/sites/netflix-clone-b052e/versions/5186bea13edb9810:populateFiles {"files":{"/favicon.ico":"655523cac02d72747f51c9a017a9eca1e5aa506ad125a3967c5a8ddddc0a0409","/logo192.png":"ebf380e341383bbf65d6a762603f630a9f7610c97f32bd297bc097635bc37ee3","/logo512.png":"c55d034d9cf7abfac7600919cbf4f4ce2f3ea3478df91d01177e8ff136f58918","/manifest.json":"aff3449bdc238776f5d6d967f19ec491b36aed5fb7f23ccff6500736fd58494a","/robots.txt":"5fcd5c559ded0c02b3ed7840ca3ee77e95b798730af98d9f18bc627ac898071e","/asset-manifest.json":"9659c761f9db388357d122ef943bfbdf5db441db27be702e3223e1acd0df27d0","/index.html":"c58029cc4a114b3f8b014d00e2ebfb053d32fdaadb0113691b96371631eccf15","/static/css/main.aec924cb.css":"fe817f6be17636a8d447795aed299f5d3eee222790a7066486b3767f0cde9da0","/static/css/main.aec924cb.css.map":"953af8c0c7c441f97c4c6b2271a61b2e508434615d03b5b051073c2ef2f032f4","/static/js/787.440c4889.chunk.js":"c268d14940cb9f406aea523487d219d2e3d907a5fbcc16b5f6c0836de61d2b24","/static/js/787.440c4889.chunk.js.map":"f456d066bd5c0313a82e39aa8a87a2e834ea4a5867d3c75556bac38747740d3c","/static/js/main.67158ea5.js.LICENSE.txt":"d4bdbc579c0ad15ffc71b95106e8e614f3c1c46889dbdd60244ba8719392f0eb","/static/media/netflix logo.774e8c1632ac9433608b.png":"76880e2b2e5f32aebfe991d0dc25ec603a60b48cb3cb602829e706f7920cf3fd","/static/js/main.67158ea5.js":"ff60e993c28243e182b6f081a174cca48d3e3f1e6095e3d6b9e0b11ac114ac60","/static/js/main.67158ea5.js.map":"a94ef0b655adb6079013b742a8b14ccf80244698c55ce7d9ffd9dc1606481cf1"}}
[debug] [2022-11-29T06:15:04.574Z] ----------------------------------------------------------------------
[debug] [2022-11-29T06:15:04.577Z] Command:       C:\Program Files\nodejs\node.exe C:\Users\musma\AppData\Roaming\npm\node_modules\firebase-tools\lib\bin\firebase.js deploy
[debug] [2022-11-29T06:15:04.578Z] CLI Version:   11.16.1
[debug] [2022-11-29T06:15:04.578Z] Platform:      win32
[debug] [2022-11-29T06:15:04.579Z] Node Version:  v18.12.1
[debug] [2022-11-29T06:15:04.580Z] Time:          Tue Nov 29 2022 11:15:04 GMT+0500 (Pakistan Standard Time)
[debug] [2022-11-29T06:15:04.580Z] ----------------------------------------------------------------------
[debug] 
[debug] [2022-11-29T06:15:04.733Z] > command requires scopes: ["email","openid","https://www.googleapis.com/auth/cloudplatformprojects.readonly","https://www.googleapis.com/auth/firebase","https://www.googleapis.com/auth/cloud-platform"]
[debug] [2022-11-29T06:15:04.734Z] > authorizing via signed-in user (m.usmanfarooq753@gmail.com)
[debug] [2022-11-29T06:15:04.735Z] [iam] checking project netflix-clone-b052e for permissions ["firebase.projects.get","firebasehosting.sites.update"]
[debug] [2022-11-29T06:15:04.739Z] >>> [apiv2][query] POST https://cloudresourcemanager.googleapis.com/v1/projects/netflix-clone-b052e:testIamPermissions [none]
[debug] [2022-11-29T06:15:04.740Z] >>> [apiv2][(partial)header] POST https://cloudresourcemanager.googleapis.com/v1/projects/netflix-clone-b052e:testIamPermissions x-goog-quota-user=projects/netflix-clone-b052e
[debug] [2022-11-29T06:15:04.740Z] >>> [apiv2][body] POST https://cloudresourcemanager.googleapis.com/v1/projects/netflix-clone-b052e:testIamPermissions {"permissions":["firebase.projects.get","firebasehosting.sites.update"]}
[debug] [2022-11-29T06:15:11.487Z] <<< [apiv2][status] POST https://cloudresourcemanager.googleapis.com/v1/projects/netflix-clone-b052e:testIamPermissions 200
[debug] [2022-11-29T06:15:11.488Z] <<< [apiv2][body] POST https://cloudresourcemanager.googleapis.com/v1/projects/netflix-clone-b052e:testIamPermissions {"permissions":["firebase.projects.get","firebasehosting.sites.update"]}
[debug] [2022-11-29T06:15:11.491Z] >>> [apiv2][query] GET https://firebase.googleapis.com/v1beta1/projects/netflix-clone-b052e [none]
[debug] [2022-11-29T06:15:13.553Z] <<< [apiv2][status] GET https://firebase.googleapis.com/v1beta1/projects/netflix-clone-b052e 200
[debug] [2022-11-29T06:15:13.554Z] <<< [apiv2][body] GET https://firebase.googleapis.com/v1beta1/projects/netflix-clone-b052e {"projectId":"netflix-clone-b052e","projectNumber":"9786487032","displayName":"Netflix-Clone","name":"projects/netflix-clone-b052e","resources":{"hostingSite":"netflix-clone-b052e"},"state":"ACTIVE","etag":"1_2b73dc78-b103-4c47-8ccc-b2836ce59346"}
[info] 
[info] === Deploying to 'netflix-clone-b052e'...
[info] 
[info] i  deploying hosting 
[debug] [2022-11-29T06:15:13.572Z] >>> [apiv2][query] POST https://firebasehosting.googleapis.com/v1beta1/projects/-/sites/netflix-clone-b052e/versions [none]
[debug] [2022-11-29T06:15:13.572Z] >>> [apiv2][body] POST https://firebasehosting.googleapis.com/v1beta1/projects/-/sites/netflix-clone-b052e/versions {"status":"CREATED","labels":{"deployment-tool":"cli-firebase"}}
[debug] [2022-11-29T06:15:16.584Z] <<< [apiv2][status] POST https://firebasehosting.googleapis.com/v1beta1/projects/-/sites/netflix-clone-b052e/versions 200
[debug] [2022-11-29T06:15:16.585Z] <<< [apiv2][body] POST https://firebasehosting.googleapis.com/v1beta1/projects/-/sites/netflix-clone-b052e/versions {"name":"projects/9786487032/sites/netflix-clone-b052e/versions/7a0a524f9de698d1","status":"CREATED","config":{},"labels":{"deployment-tool":"cli-firebase"}}
[info] i  hosting[netflix-clone-b052e]: beginning deploy... 
[info] i  hosting[netflix-clone-b052e]: found 15 files in build 
[debug] [2022-11-29T06:15:16.953Z] [hosting] uploading with 200 concurrency
[debug] [2022-11-29T06:15:16.984Z] [hosting] hash cache [YnVpbGQ] stored for 15 files
[debug] [2022-11-29T06:15:16.985Z] [hosting][hash queue][FINAL] {"max":6,"min":2,"avg":2,"active":0,"complete":15,"success":15,"errored":0,"retried":0,"total":15,"elapsed":19}
[debug] [2022-11-29T06:15:16.988Z] >>> [apiv2][query] POST https://firebasehosting.googleapis.com/v1beta1/projects/9786487032/sites/netflix-clone-b052e/versions/7a0a524f9de698d1:populateFiles [none]
[debug] [2022-11-29T06:15:16.988Z] >>> [apiv2][body] POST https://firebasehosting.googleapis.com/v1beta1/projects/9786487032/sites/netflix-clone-b052e/versions/7a0a524f9de698d1:populateFiles {"files":{"/asset-manifest.json":"9659c761f9db388357d122ef943bfbdf5db441db27be702e3223e1acd0df27d0","/favicon.ico":"655523cac02d72747f51c9a017a9eca1e5aa506ad125a3967c5a8ddddc0a0409","/index.html":"c58029cc4a114b3f8b014d00e2ebfb053d32fdaadb0113691b96371631eccf15","/logo192.png":"ebf380e341383bbf65d6a762603f630a9f7610c97f32bd297bc097635bc37ee3","/logo512.png":"c55d034d9cf7abfac7600919cbf4f4ce2f3ea3478df91d01177e8ff136f58918","/manifest.json":"aff3449bdc238776f5d6d967f19ec491b36aed5fb7f23ccff6500736fd58494a","/robots.txt":"5fcd5c559ded0c02b3ed7840ca3ee77e95b798730af98d9f18bc627ac898071e","/static/css/main.aec924cb.css":"fe817f6be17636a8d447795aed299f5d3eee222790a7066486b3767f0cde9da0","/static/css/main.aec924cb.css.map":"953af8c0c7c441f97c4c6b2271a61b2e508434615d03b5b051073c2ef2f032f4","/static/js/787.440c4889.chunk.js":"c268d14940cb9f406aea523487d219d2e3d907a5fbcc16b5f6c0836de61d2b24","/static/js/787.440c4889.chunk.js.map":"f456d066bd5c0313a82e39aa8a87a2e834ea4a5867d3c75556bac38747740d3c","/static/js/main.67158ea5.js":"ff60e993c28243e182b6f081a174cca48d3e3f1e6095e3d6b9e0b11ac114ac60","/static/js/main.67158ea5.js.LICENSE.txt":"d4bdbc579c0ad15ffc71b95106e8e614f3c1c46889dbdd60244ba8719392f0eb","/static/js/main.67158ea5.js.map":"a94ef0b655adb6079013b742a8b14ccf80244698c55ce7d9ffd9dc1606481cf1","/static/media/netflix logo.774e8c1632ac9433608b.png":"76880e2b2e5f32aebfe991d0dc25ec603a60b48cb3cb602829e706f7920cf3fd"}}
[debug] [2022-11-29T06:15:20.541Z] <<< [apiv2][status] POST https://firebasehosting.googleapis.com/v1beta1/projects/9786487032/sites/netflix-clone-b052e/versions/7a0a524f9de698d1:populateFiles 200
[debug] [2022-11-29T06:15:20.542Z] <<< [apiv2][body] POST https://firebasehosting.googleapis.com/v1beta1/projects/9786487032/sites/netflix-clone-b052e/versions/7a0a524f9de698d1:populateFiles {"uploadRequiredHashes":["c58029cc4a114b3f8b014d00e2ebfb053d32fdaadb0113691b96371631eccf15","953af8c0c7c441f97c4c6b2271a61b2e508434615d03b5b051073c2ef2f032f4","a94ef0b655adb6079013b742a8b14ccf80244698c55ce7d9ffd9dc1606481cf1","9659c761f9db388357d122ef943bfbdf5db441db27be702e3223e1acd0df27d0","ff60e993c28243e182b6f081a174cca48d3e3f1e6095e3d6b9e0b11ac114ac60","fe817f6be17636a8d447795aed299f5d3eee222790a7066486b3767f0cde9da0"],"uploadUrl":"https://upload-firebasehosting.googleapis.com/upload/sites/netflix-clone-b052e/versions/7a0a524f9de698d1/files"}
[debug] [2022-11-29T06:15:20.556Z] >>> [apiv2][query] POST https://upload-firebasehosting.googleapis.com/upload/sites/netflix-clone-b052e/versions/7a0a524f9de698d1/files/c58029cc4a114b3f8b014d00e2ebfb053d32fdaadb0113691b96371631eccf15 [none]
[debug] [2022-11-29T06:15:20.556Z] >>> [apiv2][body] POST https://upload-firebasehosting.googleapis.com/upload/sites/netflix-clone-b052e/versions/7a0a524f9de698d1/files/c58029cc4a114b3f8b014d00e2ebfb053d32fdaadb0113691b96371631eccf15 [stream]
[debug] [2022-11-29T06:15:20.561Z] >>> [apiv2][query] POST https://upload-firebasehosting.googleapis.com/upload/sites/netflix-clone-b052e/versions/7a0a524f9de698d1/files/953af8c0c7c441f97c4c6b2271a61b2e508434615d03b5b051073c2ef2f032f4 [none]
[debug] [2022-11-29T06:15:20.561Z] >>> [apiv2][body] POST https://upload-firebasehosting.googleapis.com/upload/sites/netflix-clone-b052e/versions/7a0a524f9de698d1/files/953af8c0c7c441f97c4c6b2271a61b2e508434615d03b5b051073c2ef2f032f4 [stream]
[debug] [2022-11-29T06:15:20.565Z] >>> [apiv2][query] POST https://upload-firebasehosting.googleapis.com/upload/sites/netflix-clone-b052e/versions/7a0a524f9de698d1/files/a94ef0b655adb6079013b742a8b14ccf80244698c55ce7d9ffd9dc1606481cf1 [none]
[debug] [2022-11-29T06:15:20.570Z] >>> [apiv2][body] POST https://upload-firebasehosting.googleapis.com/upload/sites/netflix-clone-b052e/versions/7a0a524f9de698d1/files/a94ef0b655adb6079013b742a8b14ccf80244698c55ce7d9ffd9dc1606481cf1 [stream]
[debug] [2022-11-29T06:15:20.576Z] >>> [apiv2][query] POST https://upload-firebasehosting.googleapis.com/upload/sites/netflix-clone-b052e/versions/7a0a524f9de698d1/files/9659c761f9db388357d122ef943bfbdf5db441db27be702e3223e1acd0df27d0 [none]
[debug] [2022-11-29T06:15:20.577Z] >>> [apiv2][body] POST https://upload-firebasehosting.googleapis.com/upload/sites/netflix-clone-b052e/versions/7a0a524f9de698d1/files/9659c761f9db388357d122ef943bfbdf5db441db27be702e3223e1acd0df27d0 [stream]
[debug] [2022-11-29T06:15:20.584Z] >>> [apiv2][query] POST https://upload-firebasehosting.googleapis.com/upload/sites/netflix-clone-b052e/versions/7a0a524f9de698d1/files/ff60e993c28243e182b6f081a174cca48d3e3f1e6095e3d6b9e0b11ac114ac60 [none]
[debug] [2022-11-29T06:15:20.584Z] >>> [apiv2][body] POST https://upload-firebasehosting.googleapis.com/upload/sites/netflix-clone-b052e/versions/7a0a524f9de698d1/files/ff60e993c28243e182b6f081a174cca48d3e3f1e6095e3d6b9e0b11ac114ac60 [stream]
[debug] [2022-11-29T06:15:20.587Z] >>> [apiv2][query] POST https://upload-firebasehosting.googleapis.com/upload/sites/netflix-clone-b052e/versions/7a0a524f9de698d1/files/fe817f6be17636a8d447795aed299f5d3eee222790a7066486b3767f0cde9da0 [none]
[debug] [2022-11-29T06:15:20.588Z] >>> [apiv2][body] POST https://upload-firebasehosting.googleapis.com/upload/sites/netflix-clone-b052e/versions/7a0a524f9de698d1/files/fe817f6be17636a8d447795aed299f5d3eee222790a7066486b3767f0cde9da0 [stream]
[debug] [2022-11-29T06:15:20.591Z] [hosting][populate queue][FINAL] {"max":3581,"min":3581,"avg":3581,"active":0,"complete":1,"success":1,"errored":0,"retried":0,"total":1,"elapsed":3617}
[debug] [2022-11-29T06:15:20.592Z] [hosting] uploads queued: 6
[debug] [2022-11-29T06:15:27.053Z] <<< [apiv2][status] POST https://upload-firebasehosting.googleapis.com/upload/sites/netflix-clone-b052e/versions/7a0a524f9de698d1/files/953af8c0c7c441f97c4c6b2271a61b2e508434615d03b5b051073c2ef2f032f4 200
[debug] [2022-11-29T06:15:27.054Z] <<< [apiv2][body] POST https://upload-firebasehosting.googleapis.com/upload/sites/netflix-clone-b052e/versions/7a0a524f9de698d1/files/953af8c0c7c441f97c4c6b2271a61b2e508434615d03b5b051073c2ef2f032f4 [stream]
[debug] [2022-11-29T06:15:27.805Z] <<< [apiv2][status] POST https://upload-firebasehosting.googleapis.com/upload/sites/netflix-clone-b052e/versions/7a0a524f9de698d1/files/c58029cc4a114b3f8b014d00e2ebfb053d32fdaadb0113691b96371631eccf15 200
[debug] [2022-11-29T06:15:27.805Z] <<< [apiv2][body] POST https://upload-firebasehosting.googleapis.com/upload/sites/netflix-clone-b052e/versions/7a0a524f9de698d1/files/c58029cc4a114b3f8b014d00e2ebfb053d32fdaadb0113691b96371631eccf15 [stream]
[debug] [2022-11-29T06:15:27.863Z] <<< [apiv2][status] POST https://upload-firebasehosting.googleapis.com/upload/sites/netflix-clone-b052e/versions/7a0a524f9de698d1/files/fe817f6be17636a8d447795aed299f5d3eee222790a7066486b3767f0cde9da0 200
[debug] [2022-11-29T06:15:27.864Z] <<< [apiv2][body] POST https://upload-firebasehosting.googleapis.com/upload/sites/netflix-clone-b052e/versions/7a0a524f9de698d1/files/fe817f6be17636a8d447795aed299f5d3eee222790a7066486b3767f0cde9da0 [stream]
[debug] [2022-11-29T06:15:28.011Z] <<< [apiv2][status] POST https://upload-firebasehosting.googleapis.com/upload/sites/netflix-clone-b052e/versions/7a0a524f9de698d1/files/9659c761f9db388357d122ef943bfbdf5db441db27be702e3223e1acd0df27d0 200
[debug] [2022-11-29T06:15:28.011Z] <<< [apiv2][body] POST https://upload-firebasehosting.googleapis.com/upload/sites/netflix-clone-b052e/versions/7a0a524f9de698d1/files/9659c761f9db388357d122ef943bfbdf5db441db27be702e3223e1acd0df27d0 [stream]
[debug] [2022-11-29T06:15:29.117Z] <<< [apiv2][status] POST https://upload-firebasehosting.googleapis.com/upload/sites/netflix-clone-b052e/versions/7a0a524f9de698d1/files/ff60e993c28243e182b6f081a174cca48d3e3f1e6095e3d6b9e0b11ac114ac60 200
[debug] [2022-11-29T06:15:29.117Z] <<< [apiv2][body] POST https://upload-firebasehosting.googleapis.com/upload/sites/netflix-clone-b052e/versions/7a0a524f9de698d1/files/ff60e993c28243e182b6f081a174cca48d3e3f1e6095e3d6b9e0b11ac114ac60 [stream]
[debug] [2022-11-29T06:15:31.187Z] <<< [apiv2][status] POST https://upload-firebasehosting.googleapis.com/upload/sites/netflix-clone-b052e/versions/7a0a524f9de698d1/files/a94ef0b655adb6079013b742a8b14ccf80244698c55ce7d9ffd9dc1606481cf1 200
[debug] [2022-11-29T06:15:31.188Z] <<< [apiv2][body] POST https://upload-firebasehosting.googleapis.com/upload/sites/netflix-clone-b052e/versions/7a0a524f9de698d1/files/a94ef0b655adb6079013b742a8b14ccf80244698c55ce7d9ffd9dc1606481cf1 [stream]
[debug] [2022-11-29T06:15:31.188Z] [hosting][upload queue][FINAL] {"max":10638,"min":6506,"avg":7956.833333333333,"active":0,"complete":6,"success":6,"errored":0,"retried":0,"total":6,"elapsed":10645}
[info] +  hosting[netflix-clone-b052e]: file upload complete 
[debug] [2022-11-29T06:15:31.202Z] [hosting] deploy completed after 14318ms
[debug] [2022-11-29T06:15:31.210Z] [
  {
    "config": {
      "public": "build",
      "ignore": [
        "firebase.json",
        "**/.*",
        "**/node_modules/**"
      ],
      "rewrites": [
        {
          "source": "**",
          "destination": "/index.html"
        }
      ],
      "site": "netflix-clone-b052e"
    },
    "version": "projects/9786487032/sites/netflix-clone-b052e/versions/7a0a524f9de698d1"
  }
]
[info] i  hosting[netflix-clone-b052e]: finalizing version... 
[debug] [2022-11-29T06:15:31.219Z] >>> [apiv2][query] PATCH https://firebasehosting.googleapis.com/v1beta1/projects/-/sites/netflix-clone-b052e/versions/7a0a524f9de698d1 updateMask=status%2Cconfig
[debug] [2022-11-29T06:15:31.219Z] >>> [apiv2][body] PATCH https://firebasehosting.googleapis.com/v1beta1/projects/-/sites/netflix-clone-b052e/versions/7a0a524f9de698d1 {"status":"FINALIZED","config":{"rewrites":[{"glob":"**","path":"/index.html"}]}}
[debug] [2022-11-29T06:15:36.343Z] <<< [apiv2][status] PATCH https://firebasehosting.googleapis.com/v1beta1/projects/-/sites/netflix-clone-b052e/versions/7a0a524f9de698d1 200
[debug] [2022-11-29T06:15:36.344Z] <<< [apiv2][body] PATCH https://firebasehosting.googleapis.com/v1beta1/projects/-/sites/netflix-clone-b052e/versions/7a0a524f9de698d1 {"name":"projects/9786487032/sites/netflix-clone-b052e/versions/7a0a524f9de698d1","status":"FINALIZED","config":{"rewrites":[{"glob":"**","path":"/index.html"}]},"labels":{"deployment-tool":"cli-firebase"},"createTime":"2022-11-29T06:15:14.566646Z","createUser":{"email":"m.usmanfarooq753@gmail.com"},"finalizeTime":"2022-11-29T06:15:34.195363Z","finalizeUser":{"email":"m.usmanfarooq753@gmail.com"}}
[debug] [2022-11-29T06:15:36.344Z] [hosting] finalized version for netflix-clone-b052e:[object Object]
[info] +  hosting[netflix-clone-b052e]: version finalized 
[info] i  hosting[netflix-clone-b052e]: releasing new version... 
[debug] [2022-11-29T06:15:36.367Z] >>> [apiv2][query] POST https://firebasehosting.googleapis.com/v1beta1/projects/-/sites/netflix-clone-b052e/channels/live/releases versionName=projects%2F9786487032%2Fsites%2Fnetflix-clone-b052e%2Fversions%2F7a0a524f9de698d1
[debug] [2022-11-29T06:15:36.367Z] >>> [apiv2][body] POST https://firebasehosting.googleapis.com/v1beta1/projects/-/sites/netflix-clone-b052e/channels/live/releases {}
[debug] [2022-11-29T06:15:42.012Z] <<< [apiv2][status] POST https://firebasehosting.googleapis.com/v1beta1/projects/-/sites/netflix-clone-b052e/channels/live/releases 200
[debug] [2022-11-29T06:15:42.014Z] <<< [apiv2][body] POST https://firebasehosting.googleapis.com/v1beta1/projects/-/sites/netflix-clone-b052e/channels/live/releases {"name":"projects/9786487032/sites/netflix-clone-b052e/channels/live/releases/1669702539197916","version":{"name":"projects/9786487032/sites/netflix-clone-b052e/versions/7a0a524f9de698d1","status":"FINALIZED","config":{"rewrites":[{"glob":"**","path":"/index.html"}]},"labels":{"deployment-tool":"cli-firebase"},"createTime":"2022-11-29T06:15:14.566646Z","createUser":{"email":"m.usmanfarooq753@gmail.com","imageUrl":"https://lh3.googleusercontent.com/a/ALm5wu2IwYgCK4oxgJGKyWEQu87dKlBU4QV7Hn2b75D2gw"},"finalizeTime":"2022-11-29T06:15:34.195363Z","finalizeUser":{"email":"m.usmanfarooq753@gmail.com","imageUrl":"https://lh3.googleusercontent.com/a/ALm5wu2IwYgCK4oxgJGKyWEQu87dKlBU4QV7Hn2b75D2gw"}},"type":"DEPLOY","releaseTime":"2022-11-29T06:15:39.197916907Z","releaseUser":{"email":"m.usmanfarooq753@gmail.com","imageUrl":"https://lh3.googleusercontent.com/a/ALm5wu2IwYgCK4oxgJGKyWEQu87dKlBU4QV7Hn2b75D2gw"}}
[debug] [2022-11-29T06:15:42.016Z] [hosting] release: {"name":"projects/9786487032/sites/netflix-clone-b052e/channels/live/releases/1669702539197916","version":{"name":"projects/9786487032/sites/netflix-clone-b052e/versions/7a0a524f9de698d1","status":"FINALIZED","config":{"rewrites":[{"glob":"**","path":"/index.html"}]},"labels":{"deployment-tool":"cli-firebase"},"createTime":"2022-11-29T06:15:14.566646Z","createUser":{"email":"m.usmanfarooq753@gmail.com","imageUrl":"https://lh3.googleusercontent.com/a/ALm5wu2IwYgCK4oxgJGKyWEQu87dKlBU4QV7Hn2b75D2gw"},"finalizeTime":"2022-11-29T06:15:34.195363Z","finalizeUser":{"email":"m.usmanfarooq753@gmail.com","imageUrl":"https://lh3.googleusercontent.com/a/ALm5wu2IwYgCK4oxgJGKyWEQu87dKlBU4QV7Hn2b75D2gw"}},"type":"DEPLOY","releaseTime":"2022-11-29T06:15:39.197916907Z","releaseUser":{"email":"m.usmanfarooq753@gmail.com","imageUrl":"https://lh3.googleusercontent.com/a/ALm5wu2IwYgCK4oxgJGKyWEQu87dKlBU4QV7Hn2b75D2gw"}}
[info] +  hosting[netflix-clone-b052e]: release complete 
[info] 
[info] +  Deploy complete! 
[info] 
[info] Project Console: https://console.firebase.google.com/project/netflix-clone-b052e/overview
[info] Hosting URL: https://netflix-clone-b052e.web.app
[debug] [2022-11-29T06:15:54.066Z] Error: Timed out.
    at Timeout._onTimeout (C:\Users\musma\AppData\Roaming\npm\node_modules\firebase-tools\lib\utils.js:253:49)
    at listOnTimeout (node:internal/timers:564:17)
    at process.processTimers (node:internal/timers:507:7)
[error] 
[error] Error: An unexpected error has occurred.
